<?xml version="1.0" encoding="UTF-8"?>
<!-- Generated by org.testng.reporters.JUnitReportReporter -->
<testsuite skipped="0" hostname="LAPTOP-9FU86JGL" name="tests.NonDMFunnelTest" tests="1" failures="0" timestamp="15 Aug 2019 05:25:56 GMT" time="11.774" errors="0">
  <testcase name="testEnterLoanCriteria" time="11.774" classname="tests.NonDMFunnelTest"/>
</testsuite> <!-- tests.NonDMFunnelTest -->
