<?xml version="1.0" encoding="UTF-8"?>
<!-- Generated by org.testng.reporters.JUnitReportReporter -->
<testsuite skipped="0" hostname="LAPTOP-9FU86JGL" name="tests.LoginTest" tests="1" failures="0" timestamp="18 Aug 2019 22:42:57 GMT" time="20.269" errors="0">
  <testcase name="testlogin" time="20.269" classname="tests.LoginTest"/>
</testsuite> <!-- tests.LoginTest -->
