<?xml version="1.0" encoding="UTF-8"?>
<!-- Generated by org.testng.reporters.JUnitReportReporter -->
<testsuite skipped="0" hostname="LAPTOP-9FU86JGL" name="tests.NonDMFunnelTest" tests="1" failures="0" timestamp="16 Aug 2019 22:24:34 GMT" time="29.596" errors="0">
  <testcase name="testEnterLoanCriteria" time="29.596" classname="tests.NonDMFunnelTest"/>
</testsuite> <!-- tests.NonDMFunnelTest -->
