<?xml version="1.0" encoding="UTF-8"?>
<!-- Generated by org.testng.reporters.JUnitReportReporter -->
<testsuite skipped="0" hostname="LAPTOP-9FU86JGL" name="tests.LoginTest" tests="1" failures="0" timestamp="15 Aug 2019 05:22:26 GMT" time="6.278" errors="0">
  <testcase name="testlogin" time="6.278" classname="tests.LoginTest"/>
</testsuite> <!-- tests.LoginTest -->
