<?xml version="1.0" encoding="UTF-8"?>
<!-- Generated by org.testng.reporters.JUnitReportReporter -->
<testsuite skipped="0" hostname="LAPTOP-9FU86JGL" name="tests.LoginTest" tests="1" failures="0" timestamp="19 Aug 2019 06:23:24 GMT" time="5.430" errors="0">
  <testcase name="testlogin" time="5.430" classname="tests.LoginTest"/>
</testsuite> <!-- tests.LoginTest -->
